0 info it worked if it ends with ok
1 verbose cli [ '/usr/local/bin/node',
1 verbose cli   '/usr/local/bin/npm',
1 verbose cli   'install',
1 verbose cli   '-g',
1 verbose cli   'typescript' ]
2 info using npm@3.10.10
3 info using node@v6.14.2
4 silly loadCurrentTree Starting
5 silly install loadCurrentTree
6 silly install readGlobalPackageData
7 silly fetchPackageMetaData typescript
8 silly fetchNamedPackageData typescript
9 silly mapToRegistry name typescript
10 silly mapToRegistry using default registry
11 silly mapToRegistry registry http://r.cnpmjs.org/
12 silly mapToRegistry data Result {
12 silly mapToRegistry   raw: 'typescript',
12 silly mapToRegistry   scope: null,
12 silly mapToRegistry   escapedName: 'typescript',
12 silly mapToRegistry   name: 'typescript',
12 silly mapToRegistry   rawSpec: '',
12 silly mapToRegistry   spec: 'latest',
12 silly mapToRegistry   type: 'tag' }
13 silly mapToRegistry uri http://r.cnpmjs.org/typescript
14 verbose request uri http://r.cnpmjs.org/typescript
15 verbose request no auth needed
16 info attempt registry request try #1 at 18:54:22
17 verbose request id 4db6c57151d3c72a
18 http request GET http://r.cnpmjs.org/typescript
19 http 200 http://r.cnpmjs.org/typescript
20 verbose headers { server: 'nginx/1.4.6 (Ubuntu)',
20 verbose headers   date: 'Wed, 14 Nov 2018 10:54:22 GMT',
20 verbose headers   'content-type': 'application/json; charset=utf-8',
20 verbose headers   'transfer-encoding': 'chunked',
20 verbose headers   connection: 'keep-alive',
20 verbose headers   'x-current-requests': '1',
20 verbose headers   vary: 'Origin',
20 verbose headers   'x-readtime': '213',
20 verbose headers   'content-encoding': 'gzip' }
21 silly get cb [ 200,
21 silly get   { server: 'nginx/1.4.6 (Ubuntu)',
21 silly get     date: 'Wed, 14 Nov 2018 10:54:22 GMT',
21 silly get     'content-type': 'application/json; charset=utf-8',
21 silly get     'transfer-encoding': 'chunked',
21 silly get     connection: 'keep-alive',
21 silly get     'x-current-requests': '1',
21 silly get     vary: 'Origin',
21 silly get     'x-readtime': '213',
21 silly get     'content-encoding': 'gzip' } ]
22 verbose get saving typescript to /Users/bill/.npm/r.cnpmjs.org/typescript/.cache.json
23 verbose correctMkdir /Users/bill/.npm correctMkdir not in flight; initializing
24 silly install normalizeTree
25 silly loadCurrentTree Finishing
26 silly loadIdealTree Starting
27 silly install loadIdealTree
28 silly cloneCurrentTree Starting
29 silly install cloneCurrentTreeToIdealTree
30 silly cloneCurrentTree Finishing
31 silly loadShrinkwrap Starting
32 silly install loadShrinkwrap
33 silly loadShrinkwrap Finishing
34 silly loadAllDepsIntoIdealTree Starting
35 silly install loadAllDepsIntoIdealTree
36 silly resolveWithNewModule typescript@3.1.6 checking installable status
37 silly cache add args [ 'typescript', null ]
38 verbose cache add spec typescript
39 silly cache add parsed spec Result {
39 silly cache add   raw: 'typescript',
39 silly cache add   scope: null,
39 silly cache add   escapedName: 'typescript',
39 silly cache add   name: 'typescript',
39 silly cache add   rawSpec: '',
39 silly cache add   spec: 'latest',
39 silly cache add   type: 'tag' }
40 silly addNamed typescript@latest
41 verbose addNamed "latest" is being treated as a dist-tag for typescript
42 info addNameTag [ 'typescript', 'latest' ]
43 silly mapToRegistry name typescript
44 silly mapToRegistry using default registry
45 silly mapToRegistry registry http://r.cnpmjs.org/
46 silly mapToRegistry data Result {
46 silly mapToRegistry   raw: 'typescript',
46 silly mapToRegistry   scope: null,
46 silly mapToRegistry   escapedName: 'typescript',
46 silly mapToRegistry   name: 'typescript',
46 silly mapToRegistry   rawSpec: '',
46 silly mapToRegistry   spec: 'latest',
46 silly mapToRegistry   type: 'tag' }
47 silly mapToRegistry uri http://r.cnpmjs.org/typescript
48 verbose addNameTag registry:http://r.cnpmjs.org/typescript not in flight; fetching
49 verbose get http://r.cnpmjs.org/typescript not expired, no request
50 silly addNameTag next cb for typescript with tag latest
51 silly addNamed typescript@3.1.6
52 verbose addNamed "3.1.6" is a plain semver version for typescript
53 silly cache afterAdd typescript@3.1.6
54 verbose afterAdd /Users/bill/.npm/typescript/3.1.6/package/package.json not in flight; writing
55 verbose correctMkdir /Users/bill/.npm correctMkdir not in flight; initializing
56 verbose afterAdd /Users/bill/.npm/typescript/3.1.6/package/package.json written
57 silly loadAllDepsIntoIdealTree Finishing
58 silly loadIdealTree Finishing
59 silly currentTree lib
60 silly idealTree lib
60 silly idealTree └── typescript@3.1.6
61 silly generateActionsToTake Starting
62 silly install generateActionsToTake
63 warn checkPermissions Missing write access to /usr/local/lib/node_modules
64 silly rollbackFailedOptional Starting
65 silly rollbackFailedOptional Finishing
66 silly runTopLevelLifecycles Finishing
67 silly install printInstalled
68 verbose stack Error: EACCES: permission denied, access '/usr/local/lib/node_modules'
68 verbose stack     at Error (native)
69 verbose cwd /vipkid/learn/blog/doc/example/ts
70 error Darwin 17.4.0
71 error argv "/usr/local/bin/node" "/usr/local/bin/npm" "install" "-g" "typescript"
72 error node v6.14.2
73 error npm  v3.10.10
74 error path /usr/local/lib/node_modules
75 error code EACCES
76 error errno -13
77 error syscall access
78 error Error: EACCES: permission denied, access '/usr/local/lib/node_modules'
78 error     at Error (native)
78 error  { Error: EACCES: permission denied, access '/usr/local/lib/node_modules'
78 error     at Error (native)
78 error   errno: -13,
78 error   code: 'EACCES',
78 error   syscall: 'access',
78 error   path: '/usr/local/lib/node_modules' }
79 error Please try running this command again as root/Administrator.
80 verbose exit [ -13, true ]
